<?xml version="1.0" encoding="UTF-8"?>
<!-- Generated by org.testng.reporters.JUnitReportReporter -->
<testsuite hostname="aivx" failures="0" tests="1" name="testcase.MyFirstTestFW" time="0.000" errors="0" timestamp="2023-03-06T21:34:10 CST" skipped="1">
  <testcase classname="testcase.MyFirstTestFW" name="LoginTest" time="0.000">
    <skipped/>
  </testcase> <!-- LoginTest -->
  <system-out/>
</testsuite> <!-- testcase.MyFirstTestFW -->
